debug: Thu, 16 Nov 2023 02:55:06 GMT
debug: Project: D:\cocos_work\SimulateCity
debug: Targets: editor,preview
debug: Incremental file seems great.
debug: Engine path: D:\CocosVersion\CocosCreator-v3.7.3-win-042810\resources\resources\3d\engine
debug: Initializing target [Editor]
debug: Loading cache
debug: Loading cache costs 4.914200000464916ms.
debug: Engine features shipped in editor: base,gfx-webgl,gfx-webgl2,gfx-empty,3d,animation,skeletal-animation,2d,ui,particle,particle-2d,physics-framework,physics-2d-framework,intersection-2d,primitive,profiler,occlusion-query,geometry-renderer,debug-renderer,audio,video,xr,light-probe,terrain,webview,tween,tiled-map,spine,dragon-bones,marionette,custom-pipeline,websocket,websocket-server
debug: Our import map(foo:/bar): {
  "imports": {
    "cc": "cce:/internal/x/cc"
  }
}
debug: Initializing target [Preview]
debug: Loading cache
debug: Loading cache costs 4.980499999597669ms.
debug: Our import map(foo:/bar): {
  "imports": {
    "cc": "cce:/internal/x/cc"
  }
}
debug: Sync engine features: 2d,3d,animation,audio,base,dragon-bones,gfx-webgl,gfx-webgl2,intersection-2d,light-probe,marionette,particle,particle-2d,physics-2d-box2d,physics-ammo,primitive,profiler,skeletal-animation,spine,terrain,tiled-map,tween,ui,video,websocket,webview
debug: Reset databases. Enumerated domains: [
  {
    "root": "db://internal/",
    "physical": "D:\\CocosVersion\\CocosCreator-v3.7.3-win-042810\\resources\\resources\\3d\\engine\\editor\\assets"
  },
  {
    "root": "db://assets/",
    "physical": "D:\\cocos_work\\SimulateCity\\assets"
  }
]
debug: Our import map(foo:/bar): {
  "imports": {
    "cc": "cce:/internal/x/cc",
    "db://internal/": "file:///D:/CocosVersion/CocosCreator-v3.7.3-win-042810/resources/resources/3d/engine/editor/assets/",
    "db://assets/": "file:///D:/cocos_work/SimulateCity/assets/"
  }
}
debug: Our import map(foo:/bar): {
  "imports": {
    "cc": "cce:/internal/x/cc",
    "db://internal/": "file:///D:/CocosVersion/CocosCreator-v3.7.3-win-042810/resources/resources/3d/engine/editor/assets/",
    "db://assets/": "file:///D:/cocos_work/SimulateCity/assets/"
  }
}
debug: Pulling asset-db.
debug: Fetch asset-db cost: 47.62459999974817ms.
debug: Build iteration starts.
Number of accumulated asset changes: 29
Feature changed: false
debug: Target(editor) build started.
debug: Detected change: cce:/internal/x/cc. Last mtime: Thu Jan 01 1970 08:00:11 GMT+0800 (中国标准时间), Current mtime: Thu Jan 01 1970 08:00:11 GMT+0800 (中国标准时间)
debug: Inspect cce:/internal/x/cc
debug: Resolve cce:/internal/x/cc-fu/base from cce:/internal/x/cc as external dependency cce:/internal/x/cc-fu/base.
debug: Resolve cce:/internal/x/cc-fu/gfx-webgl from cce:/internal/x/cc as external dependency cce:/internal/x/cc-fu/gfx-webgl.
debug: Resolve cce:/internal/x/cc-fu/gfx-webgl2 from cce:/internal/x/cc as external dependency cce:/internal/x/cc-fu/gfx-webgl2.
debug: Resolve cce:/internal/x/cc-fu/gfx-empty from cce:/internal/x/cc as external dependency cce:/internal/x/cc-fu/gfx-empty.
debug: Resolve cce:/internal/x/cc-fu/3d from cce:/internal/x/cc as external dependency cce:/internal/x/cc-fu/3d.
debug: Resolve cce:/internal/x/cc-fu/animation from cce:/internal/x/cc as external dependency cce:/internal/x/cc-fu/animation.
debug: Resolve cce:/internal/x/cc-fu/skeletal-animation from cce:/internal/x/cc as external dependency cce:/internal/x/cc-fu/skeletal-animation.
debug: Resolve cce:/internal/x/cc-fu/2d from cce:/internal/x/cc as external dependency cce:/internal/x/cc-fu/2d.
debug: Resolve cce:/internal/x/cc-fu/sorting from cce:/internal/x/cc as external dependency cce:/internal/x/cc-fu/sorting.
debug: Resolve cce:/internal/x/cc-fu/ui from cce:/internal/x/cc as external dependency cce:/internal/x/cc-fu/ui.
debug: Resolve cce:/internal/x/cc-fu/particle from cce:/internal/x/cc as external dependency cce:/internal/x/cc-fu/particle.
debug: Resolve cce:/internal/x/cc-fu/particle-2d from cce:/internal/x/cc as external dependency cce:/internal/x/cc-fu/particle-2d.
debug: Resolve cce:/internal/x/cc-fu/physics-framework from cce:/internal/x/cc as external dependency cce:/internal/x/cc-fu/physics-framework.
debug: Resolve cce:/internal/x/cc-fu/physics-2d-framework from cce:/internal/x/cc as external dependency cce:/internal/x/cc-fu/physics-2d-framework.
debug: Resolve cce:/internal/x/cc-fu/intersection-2d from cce:/internal/x/cc as external dependency cce:/internal/x/cc-fu/intersection-2d.
debug: Resolve cce:/internal/x/cc-fu/primitive from cce:/internal/x/cc as external dependency cce:/internal/x/cc-fu/primitive.
debug: Resolve cce:/internal/x/cc-fu/profiler from cce:/internal/x/cc as external dependency cce:/internal/x/cc-fu/profiler.
debug: Resolve cce:/internal/x/cc-fu/geometry-renderer from cce:/internal/x/cc as external dependency cce:/internal/x/cc-fu/geometry-renderer.
debug: Resolve cce:/internal/x/cc-fu/audio from cce:/internal/x/cc as external dependency cce:/internal/x/cc-fu/audio.
debug: Resolve cce:/internal/x/cc-fu/video from cce:/internal/x/cc as external dependency cce:/internal/x/cc-fu/video.
debug: Resolve cce:/internal/x/cc-fu/xr from cce:/internal/x/cc as external dependency cce:/internal/x/cc-fu/xr.
debug: Resolve cce:/internal/x/cc-fu/light-probe from cce:/internal/x/cc as external dependency cce:/internal/x/cc-fu/light-probe.
debug: Resolve cce:/internal/x/cc-fu/terrain from cce:/internal/x/cc as external dependency cce:/internal/x/cc-fu/terrain.
debug: Resolve cce:/internal/x/cc-fu/webview from cce:/internal/x/cc as external dependency cce:/internal/x/cc-fu/webview.
debug: Resolve cce:/internal/x/cc-fu/tween from cce:/internal/x/cc as external dependency cce:/internal/x/cc-fu/tween.
debug: Resolve cce:/internal/x/cc-fu/tiled-map from cce:/internal/x/cc as external dependency cce:/internal/x/cc-fu/tiled-map.
debug: Resolve cce:/internal/x/cc-fu/spine from cce:/internal/x/cc as external dependency cce:/internal/x/cc-fu/spine.
debug: Resolve cce:/internal/x/cc-fu/dragon-bones from cce:/internal/x/cc as external dependency cce:/internal/x/cc-fu/dragon-bones.
debug: Resolve cce:/internal/x/cc-fu/custom-pipeline from cce:/internal/x/cc as external dependency cce:/internal/x/cc-fu/custom-pipeline.
debug: Detected change: cce:/internal/x/prerequisite-imports. Last mtime: Thu Jan 01 1970 08:45:55 GMT+0800 (中国标准时间), Current mtime: Thu Jan 01 1970 08:00:12 GMT+0800 (中国标准时间)
debug: Inspect cce:/internal/x/prerequisite-imports
debug: Resolve file:///D:/CocosVersion/CocosCreator-v3.7.3-win-042810/resources/resources/3d/engine/editor/assets/tools/debug-view-runtime-control.ts from cce:/internal/x/prerequisite-imports as file:///D:/CocosVersion/CocosCreator-v3.7.3-win-042810/resources/resources/3d/engine/editor/assets/tools/debug-view-runtime-control.ts.
debug: Resolve cc from file:///D:/CocosVersion/CocosCreator-v3.7.3-win-042810/resources/resources/3d/engine/editor/assets/tools/debug-view-runtime-control.ts as cce:/internal/x/cc.
debug: Resolve cc from file:///D:/CocosVersion/CocosCreator-v3.7.3-win-042810/resources/resources/3d/engine/editor/assets/tools/debug-view-runtime-control.ts as cce:/internal/x/cc.
debug: Resolve cc from file:///D:/CocosVersion/CocosCreator-v3.7.3-win-042810/resources/resources/3d/engine/editor/assets/tools/debug-view-runtime-control.ts as cce:/internal/x/cc.
debug: Resolve file:///D:/cocos_work/SimulateCity/assets/src/GlobalConst.ts from cce:/internal/x/prerequisite-imports as file:///D:/cocos_work/SimulateCity/assets/src/GlobalConst.ts.
debug: Resolve cc from file:///D:/cocos_work/SimulateCity/assets/src/GlobalConst.ts as cce:/internal/x/cc.
debug: Resolve cc from file:///D:/cocos_work/SimulateCity/assets/src/GlobalConst.ts as cce:/internal/x/cc.
debug: Resolve cc from file:///D:/cocos_work/SimulateCity/assets/src/GlobalConst.ts as cce:/internal/x/cc.
debug: Resolve file:///D:/cocos_work/SimulateCity/assets/src/MapMgr.ts from cce:/internal/x/prerequisite-imports as file:///D:/cocos_work/SimulateCity/assets/src/MapMgr.ts.
debug: Resolve cce:/internal/code-quality/cr.mjs from file:///D:/cocos_work/SimulateCity/assets/src/MapMgr.ts as cce:/internal/code-quality/cr.mjs.
debug: Detected change: cce:/internal/code-quality/cr.mjs. Last mtime: Wed Oct 18 2023 09:08:39 GMT+0800 (中国标准时间), Current mtime: Thu Nov 16 2023 10:54:55 GMT+0800 (中国标准时间)
debug: Inspect cce:/internal/code-quality/cr.mjs
debug: Resolve cc from file:///D:/cocos_work/SimulateCity/assets/src/MapMgr.ts as cce:/internal/x/cc.
debug: Resolve cc from file:///D:/cocos_work/SimulateCity/assets/src/MapMgr.ts as cce:/internal/x/cc.
debug: Resolve cc from file:///D:/cocos_work/SimulateCity/assets/src/MapMgr.ts as cce:/internal/x/cc.
debug: Resolve ./GlobalConst from file:///D:/cocos_work/SimulateCity/assets/src/MapMgr.ts as file:///D:/cocos_work/SimulateCity/assets/src/GlobalConst.ts.
debug: Resolve file:///D:/cocos_work/SimulateCity/assets/src/component/OperateComp.ts from cce:/internal/x/prerequisite-imports as file:///D:/cocos_work/SimulateCity/assets/src/component/OperateComp.ts.
debug: Resolve cce:/internal/code-quality/cr.mjs from file:///D:/cocos_work/SimulateCity/assets/src/component/OperateComp.ts as cce:/internal/code-quality/cr.mjs.
debug: Resolve cc from file:///D:/cocos_work/SimulateCity/assets/src/component/OperateComp.ts as cce:/internal/x/cc.
debug: Resolve cc from file:///D:/cocos_work/SimulateCity/assets/src/component/OperateComp.ts as cce:/internal/x/cc.
debug: Resolve cc from file:///D:/cocos_work/SimulateCity/assets/src/component/OperateComp.ts as cce:/internal/x/cc.
debug: Resolve ../GlobalConst from file:///D:/cocos_work/SimulateCity/assets/src/component/OperateComp.ts as file:///D:/cocos_work/SimulateCity/assets/src/GlobalConst.ts.
debug: Resolve ../msg/MsgEvent from file:///D:/cocos_work/SimulateCity/assets/src/component/OperateComp.ts as file:///D:/cocos_work/SimulateCity/assets/src/msg/MsgEvent.ts.
debug: Resolve cc from file:///D:/cocos_work/SimulateCity/assets/src/msg/MsgEvent.ts as cce:/internal/x/cc.
debug: Resolve ../msg/msg from file:///D:/cocos_work/SimulateCity/assets/src/component/OperateComp.ts as file:///D:/cocos_work/SimulateCity/assets/src/msg/msg.ts.
debug: Resolve cc from file:///D:/cocos_work/SimulateCity/assets/src/msg/msg.ts as cce:/internal/x/cc.
debug: Resolve cc from file:///D:/cocos_work/SimulateCity/assets/src/msg/msg.ts as cce:/internal/x/cc.
debug: Resolve ./mapOp/MapOperateComp from file:///D:/cocos_work/SimulateCity/assets/src/component/OperateComp.ts as file:///D:/cocos_work/SimulateCity/assets/src/component/mapOp/MapOperateComp.ts.
debug: Detected change: file:///D:/cocos_work/SimulateCity/assets/src/component/mapOp/MapOperateComp.ts. Last mtime: Wed Oct 18 2023 09:19:29 GMT+0800 (中国标准时间)@8fcd9926-9469-4d89-95f4-882f3a017535, Current mtime: Tue Oct 24 2023 10:10:38 GMT+0800 (中国标准时间)@8fcd9926-9469-4d89-95f4-882f3a017535
debug: Inspect file:///D:/cocos_work/SimulateCity/assets/src/component/mapOp/MapOperateComp.ts
debug: Resolve cce:/internal/code-quality/cr.mjs from file:///D:/cocos_work/SimulateCity/assets/src/component/mapOp/MapOperateComp.ts as cce:/internal/code-quality/cr.mjs.
debug: Resolve cc from file:///D:/cocos_work/SimulateCity/assets/src/component/mapOp/MapOperateComp.ts as cce:/internal/x/cc.
debug: Resolve cc from file:///D:/cocos_work/SimulateCity/assets/src/component/mapOp/MapOperateComp.ts as cce:/internal/x/cc.
debug: Resolve cc from file:///D:/cocos_work/SimulateCity/assets/src/component/mapOp/MapOperateComp.ts as cce:/internal/x/cc.
debug: Resolve ../../GlobalConst from file:///D:/cocos_work/SimulateCity/assets/src/component/mapOp/MapOperateComp.ts as file:///D:/cocos_work/SimulateCity/assets/src/GlobalConst.ts.
debug: Resolve ../../framework/util from file:///D:/cocos_work/SimulateCity/assets/src/component/mapOp/MapOperateComp.ts as file:///D:/cocos_work/SimulateCity/assets/src/framework/util.ts.
debug: Resolve cce:/internal/code-quality/cr.mjs from file:///D:/cocos_work/SimulateCity/assets/src/framework/util.ts as cce:/internal/code-quality/cr.mjs.
debug: Resolve cc from file:///D:/cocos_work/SimulateCity/assets/src/framework/util.ts as cce:/internal/x/cc.
debug: Resolve cc from file:///D:/cocos_work/SimulateCity/assets/src/framework/util.ts as cce:/internal/x/cc.
debug: Resolve cc from file:///D:/cocos_work/SimulateCity/assets/src/framework/util.ts as cce:/internal/x/cc.
debug: Resolve ../GlobalConst from file:///D:/cocos_work/SimulateCity/assets/src/framework/util.ts as file:///D:/cocos_work/SimulateCity/assets/src/GlobalConst.ts.
debug: Resolve ../../msg/MsgEvent from file:///D:/cocos_work/SimulateCity/assets/src/component/mapOp/MapOperateComp.ts as file:///D:/cocos_work/SimulateCity/assets/src/msg/MsgEvent.ts.
debug: Resolve ../../msg/msg from file:///D:/cocos_work/SimulateCity/assets/src/component/mapOp/MapOperateComp.ts as file:///D:/cocos_work/SimulateCity/assets/src/msg/msg.ts.
debug: Resolve ../../MapMgr from file:///D:/cocos_work/SimulateCity/assets/src/component/mapOp/MapOperateComp.ts as file:///D:/cocos_work/SimulateCity/assets/src/MapMgr.ts.
debug: Resolve ../operate/MapOperateLogic from file:///D:/cocos_work/SimulateCity/assets/src/component/OperateComp.ts as file:///D:/cocos_work/SimulateCity/assets/src/operate/MapOperateLogic.ts.
debug: Resolve cce:/internal/code-quality/cr.mjs from file:///D:/cocos_work/SimulateCity/assets/src/operate/MapOperateLogic.ts as cce:/internal/code-quality/cr.mjs.
debug: Resolve cc from file:///D:/cocos_work/SimulateCity/assets/src/operate/MapOperateLogic.ts as cce:/internal/x/cc.
debug: Resolve cc from file:///D:/cocos_work/SimulateCity/assets/src/operate/MapOperateLogic.ts as cce:/internal/x/cc.
debug: Resolve cc from file:///D:/cocos_work/SimulateCity/assets/src/operate/MapOperateLogic.ts as cce:/internal/x/cc.
debug: Resolve ../GlobalConst from file:///D:/cocos_work/SimulateCity/assets/src/operate/MapOperateLogic.ts as file:///D:/cocos_work/SimulateCity/assets/src/GlobalConst.ts.
debug: Resolve ../component/mapOp/CameraControllerComp from file:///D:/cocos_work/SimulateCity/assets/src/operate/MapOperateLogic.ts as file:///D:/cocos_work/SimulateCity/assets/src/component/mapOp/CameraControllerComp.ts.
debug: Resolve cce:/internal/code-quality/cr.mjs from file:///D:/cocos_work/SimulateCity/assets/src/component/mapOp/CameraControllerComp.ts as cce:/internal/code-quality/cr.mjs.
debug: Resolve cc from file:///D:/cocos_work/SimulateCity/assets/src/component/mapOp/CameraControllerComp.ts as cce:/internal/x/cc.
debug: Resolve cc from file:///D:/cocos_work/SimulateCity/assets/src/component/mapOp/CameraControllerComp.ts as cce:/internal/x/cc.
debug: Resolve cc from file:///D:/cocos_work/SimulateCity/assets/src/component/mapOp/CameraControllerComp.ts as cce:/internal/x/cc.
debug: Resolve ../../GlobalConst from file:///D:/cocos_work/SimulateCity/assets/src/component/mapOp/CameraControllerComp.ts as file:///D:/cocos_work/SimulateCity/assets/src/GlobalConst.ts.
debug: Resolve ../../msg/msg from file:///D:/cocos_work/SimulateCity/assets/src/component/mapOp/CameraControllerComp.ts as file:///D:/cocos_work/SimulateCity/assets/src/msg/msg.ts.
debug: Resolve ../../msg/MsgEvent from file:///D:/cocos_work/SimulateCity/assets/src/component/mapOp/CameraControllerComp.ts as file:///D:/cocos_work/SimulateCity/assets/src/msg/MsgEvent.ts.
debug: Resolve ../msg/MsgEvent from file:///D:/cocos_work/SimulateCity/assets/src/operate/MapOperateLogic.ts as file:///D:/cocos_work/SimulateCity/assets/src/msg/MsgEvent.ts.
debug: Resolve ../msg/msg from file:///D:/cocos_work/SimulateCity/assets/src/operate/MapOperateLogic.ts as file:///D:/cocos_work/SimulateCity/assets/src/msg/msg.ts.
debug: Resolve ../framework/util from file:///D:/cocos_work/SimulateCity/assets/src/operate/MapOperateLogic.ts as file:///D:/cocos_work/SimulateCity/assets/src/framework/util.ts.
debug: Resolve ../component/mapOp/MapOperateComp from file:///D:/cocos_work/SimulateCity/assets/src/operate/MapOperateLogic.ts as file:///D:/cocos_work/SimulateCity/assets/src/component/mapOp/MapOperateComp.ts.
debug: Resolve ../operate/BuildingOperateLogic from file:///D:/cocos_work/SimulateCity/assets/src/component/OperateComp.ts as file:///D:/cocos_work/SimulateCity/assets/src/operate/BuildingOperateLogic.ts.
debug: Resolve cce:/internal/code-quality/cr.mjs from file:///D:/cocos_work/SimulateCity/assets/src/operate/BuildingOperateLogic.ts as cce:/internal/code-quality/cr.mjs.
debug: Resolve cc from file:///D:/cocos_work/SimulateCity/assets/src/operate/BuildingOperateLogic.ts as cce:/internal/x/cc.
debug: Resolve cc from file:///D:/cocos_work/SimulateCity/assets/src/operate/BuildingOperateLogic.ts as cce:/internal/x/cc.
debug: Resolve cc from file:///D:/cocos_work/SimulateCity/assets/src/operate/BuildingOperateLogic.ts as cce:/internal/x/cc.
debug: Resolve ../GlobalConst from file:///D:/cocos_work/SimulateCity/assets/src/operate/BuildingOperateLogic.ts as file:///D:/cocos_work/SimulateCity/assets/src/GlobalConst.ts.
debug: Resolve ../framework/util from file:///D:/cocos_work/SimulateCity/assets/src/operate/BuildingOperateLogic.ts as file:///D:/cocos_work/SimulateCity/assets/src/framework/util.ts.
debug: Resolve ../MapMgr from file:///D:/cocos_work/SimulateCity/assets/src/operate/BuildingOperateLogic.ts as file:///D:/cocos_work/SimulateCity/assets/src/MapMgr.ts.
debug: Resolve file:///D:/cocos_work/SimulateCity/assets/src/component/building/BuildingComp.ts from cce:/internal/x/prerequisite-imports as file:///D:/cocos_work/SimulateCity/assets/src/component/building/BuildingComp.ts.
debug: Resolve cce:/internal/code-quality/cr.mjs from file:///D:/cocos_work/SimulateCity/assets/src/component/building/BuildingComp.ts as cce:/internal/code-quality/cr.mjs.
debug: Resolve cc from file:///D:/cocos_work/SimulateCity/assets/src/component/building/BuildingComp.ts as cce:/internal/x/cc.
debug: Resolve cc from file:///D:/cocos_work/SimulateCity/assets/src/component/building/BuildingComp.ts as cce:/internal/x/cc.
debug: Resolve cc from file:///D:/cocos_work/SimulateCity/assets/src/component/building/BuildingComp.ts as cce:/internal/x/cc.
debug: Resolve file:///D:/cocos_work/SimulateCity/assets/src/component/mapOp/CameraControllerComp.ts from cce:/internal/x/prerequisite-imports as file:///D:/cocos_work/SimulateCity/assets/src/component/mapOp/CameraControllerComp.ts.
debug: Resolve file:///D:/cocos_work/SimulateCity/assets/src/component/mapOp/FreeCamera.ts from cce:/internal/x/prerequisite-imports as file:///D:/cocos_work/SimulateCity/assets/src/component/mapOp/FreeCamera.ts.
debug: Resolve cce:/internal/code-quality/cr.mjs from file:///D:/cocos_work/SimulateCity/assets/src/component/mapOp/FreeCamera.ts as cce:/internal/code-quality/cr.mjs.
debug: Resolve cc from file:///D:/cocos_work/SimulateCity/assets/src/component/mapOp/FreeCamera.ts as cce:/internal/x/cc.
debug: Resolve cc from file:///D:/cocos_work/SimulateCity/assets/src/component/mapOp/FreeCamera.ts as cce:/internal/x/cc.
debug: Resolve cc from file:///D:/cocos_work/SimulateCity/assets/src/component/mapOp/FreeCamera.ts as cce:/internal/x/cc.
debug: Resolve ../../GlobalConst from file:///D:/cocos_work/SimulateCity/assets/src/component/mapOp/FreeCamera.ts as file:///D:/cocos_work/SimulateCity/assets/src/GlobalConst.ts.
debug: Resolve file:///D:/cocos_work/SimulateCity/assets/src/component/mapOp/MapOperateComp.ts from cce:/internal/x/prerequisite-imports as file:///D:/cocos_work/SimulateCity/assets/src/component/mapOp/MapOperateComp.ts.
debug: Resolve file:///D:/cocos_work/SimulateCity/assets/src/component/mapOp/TestScreenInputComp.ts from cce:/internal/x/prerequisite-imports as file:///D:/cocos_work/SimulateCity/assets/src/component/mapOp/TestScreenInputComp.ts.
debug: Resolve cc from file:///D:/cocos_work/SimulateCity/assets/src/component/mapOp/TestScreenInputComp.ts as cce:/internal/x/cc.
debug: Resolve cc from file:///D:/cocos_work/SimulateCity/assets/src/component/mapOp/TestScreenInputComp.ts as cce:/internal/x/cc.
debug: Resolve cc from file:///D:/cocos_work/SimulateCity/assets/src/component/mapOp/TestScreenInputComp.ts as cce:/internal/x/cc.
debug: Resolve file:///D:/cocos_work/SimulateCity/assets/src/data/BuildingData.ts from cce:/internal/x/prerequisite-imports as file:///D:/cocos_work/SimulateCity/assets/src/data/BuildingData.ts.
debug: Resolve cce:/internal/code-quality/cr.mjs from file:///D:/cocos_work/SimulateCity/assets/src/data/BuildingData.ts as cce:/internal/code-quality/cr.mjs.
debug: Resolve cc from file:///D:/cocos_work/SimulateCity/assets/src/data/BuildingData.ts as cce:/internal/x/cc.
debug: Resolve file:///D:/cocos_work/SimulateCity/assets/src/data/EnumIndex.ts from cce:/internal/x/prerequisite-imports as file:///D:/cocos_work/SimulateCity/assets/src/data/EnumIndex.ts.
debug: Resolve cc from file:///D:/cocos_work/SimulateCity/assets/src/data/EnumIndex.ts as cce:/internal/x/cc.
debug: Resolve file:///D:/cocos_work/SimulateCity/assets/src/framework/Handler.ts from cce:/internal/x/prerequisite-imports as file:///D:/cocos_work/SimulateCity/assets/src/framework/Handler.ts.
debug: Resolve cc from file:///D:/cocos_work/SimulateCity/assets/src/framework/Handler.ts as cce:/internal/x/cc.
debug: Resolve file:///D:/cocos_work/SimulateCity/assets/src/framework/Log.ts from cce:/internal/x/prerequisite-imports as file:///D:/cocos_work/SimulateCity/assets/src/framework/Log.ts.
debug: Resolve cc from file:///D:/cocos_work/SimulateCity/assets/src/framework/Log.ts as cce:/internal/x/cc.
debug: Resolve file:///D:/cocos_work/SimulateCity/assets/src/framework/csv2json.ts from cce:/internal/x/prerequisite-imports as file:///D:/cocos_work/SimulateCity/assets/src/framework/csv2json.ts.
debug: Resolve cc from file:///D:/cocos_work/SimulateCity/assets/src/framework/csv2json.ts as cce:/internal/x/cc.
debug: Resolve file:///D:/cocos_work/SimulateCity/assets/src/framework/csvManager.ts from cce:/internal/x/prerequisite-imports as file:///D:/cocos_work/SimulateCity/assets/src/framework/csvManager.ts.
debug: Resolve cc from file:///D:/cocos_work/SimulateCity/assets/src/framework/csvManager.ts as cce:/internal/x/cc.
debug: Resolve cc from file:///D:/cocos_work/SimulateCity/assets/src/framework/csvManager.ts as cce:/internal/x/cc.
debug: Resolve cc from file:///D:/cocos_work/SimulateCity/assets/src/framework/csvManager.ts as cce:/internal/x/cc.
debug: Resolve file:///D:/cocos_work/SimulateCity/assets/src/framework/localConfig.ts from cce:/internal/x/prerequisite-imports as file:///D:/cocos_work/SimulateCity/assets/src/framework/localConfig.ts.
debug: Resolve cce:/internal/code-quality/cr.mjs from file:///D:/cocos_work/SimulateCity/assets/src/framework/localConfig.ts as cce:/internal/code-quality/cr.mjs.
debug: Resolve cc from file:///D:/cocos_work/SimulateCity/assets/src/framework/localConfig.ts as cce:/internal/x/cc.
debug: Resolve cc from file:///D:/cocos_work/SimulateCity/assets/src/framework/localConfig.ts as cce:/internal/x/cc.
debug: Resolve cc from file:///D:/cocos_work/SimulateCity/assets/src/framework/localConfig.ts as cce:/internal/x/cc.
debug: Resolve ./csvManager from file:///D:/cocos_work/SimulateCity/assets/src/framework/localConfig.ts as file:///D:/cocos_work/SimulateCity/assets/src/framework/csvManager.ts.
debug: Resolve ./resourceUtil from file:///D:/cocos_work/SimulateCity/assets/src/framework/localConfig.ts as file:///D:/cocos_work/SimulateCity/assets/src/framework/resourceUtil.ts.
debug: Resolve cc from file:///D:/cocos_work/SimulateCity/assets/src/framework/resourceUtil.ts as cce:/internal/x/cc.
debug: Resolve cc from file:///D:/cocos_work/SimulateCity/assets/src/framework/resourceUtil.ts as cce:/internal/x/cc.
debug: Resolve cc from file:///D:/cocos_work/SimulateCity/assets/src/framework/resourceUtil.ts as cce:/internal/x/cc.
debug: Resolve file:///D:/cocos_work/SimulateCity/assets/src/framework/poolManager.ts from cce:/internal/x/prerequisite-imports as file:///D:/cocos_work/SimulateCity/assets/src/framework/poolManager.ts.
debug: Resolve cc from file:///D:/cocos_work/SimulateCity/assets/src/framework/poolManager.ts as cce:/internal/x/cc.
debug: Resolve cc from file:///D:/cocos_work/SimulateCity/assets/src/framework/poolManager.ts as cce:/internal/x/cc.
debug: Resolve cc from file:///D:/cocos_work/SimulateCity/assets/src/framework/poolManager.ts as cce:/internal/x/cc.
debug: Resolve file:///D:/cocos_work/SimulateCity/assets/src/framework/resourceUtil.ts from cce:/internal/x/prerequisite-imports as file:///D:/cocos_work/SimulateCity/assets/src/framework/resourceUtil.ts.
debug: Resolve file:///D:/cocos_work/SimulateCity/assets/src/framework/storageManager.ts from cce:/internal/x/prerequisite-imports as file:///D:/cocos_work/SimulateCity/assets/src/framework/storageManager.ts.
debug: Resolve cce:/internal/code-quality/cr.mjs from file:///D:/cocos_work/SimulateCity/assets/src/framework/storageManager.ts as cce:/internal/code-quality/cr.mjs.
debug: Resolve cc from file:///D:/cocos_work/SimulateCity/assets/src/framework/storageManager.ts as cce:/internal/x/cc.
debug: Resolve cc from file:///D:/cocos_work/SimulateCity/assets/src/framework/storageManager.ts as cce:/internal/x/cc.
debug: Resolve cc from file:///D:/cocos_work/SimulateCity/assets/src/framework/storageManager.ts as cce:/internal/x/cc.
debug: Resolve ./util from file:///D:/cocos_work/SimulateCity/assets/src/framework/storageManager.ts as file:///D:/cocos_work/SimulateCity/assets/src/framework/util.ts.
debug: Resolve ./Log from file:///D:/cocos_work/SimulateCity/assets/src/framework/storageManager.ts as file:///D:/cocos_work/SimulateCity/assets/src/framework/Log.ts.
debug: Resolve file:///D:/cocos_work/SimulateCity/assets/src/framework/tips.ts from cce:/internal/x/prerequisite-imports as file:///D:/cocos_work/SimulateCity/assets/src/framework/tips.ts.
debug: Resolve cce:/internal/code-quality/cr.mjs from file:///D:/cocos_work/SimulateCity/assets/src/framework/tips.ts as cce:/internal/code-quality/cr.mjs.
debug: Resolve cc from file:///D:/cocos_work/SimulateCity/assets/src/framework/tips.ts as cce:/internal/x/cc.
debug: Resolve cc from file:///D:/cocos_work/SimulateCity/assets/src/framework/tips.ts as cce:/internal/x/cc.
debug: Resolve cc from file:///D:/cocos_work/SimulateCity/assets/src/framework/tips.ts as cce:/internal/x/cc.
debug: Resolve ./poolManager from file:///D:/cocos_work/SimulateCity/assets/src/framework/tips.ts as file:///D:/cocos_work/SimulateCity/assets/src/framework/poolManager.ts.
debug: Resolve file:///D:/cocos_work/SimulateCity/assets/src/framework/uiManager.ts from cce:/internal/x/prerequisite-imports as file:///D:/cocos_work/SimulateCity/assets/src/framework/uiManager.ts.
debug: Resolve cce:/internal/code-quality/cr.mjs from file:///D:/cocos_work/SimulateCity/assets/src/framework/uiManager.ts as cce:/internal/code-quality/cr.mjs.
debug: Resolve cc from file:///D:/cocos_work/SimulateCity/assets/src/framework/uiManager.ts as cce:/internal/x/cc.
debug: Resolve cc from file:///D:/cocos_work/SimulateCity/assets/src/framework/uiManager.ts as cce:/internal/x/cc.
debug: Resolve cc from file:///D:/cocos_work/SimulateCity/assets/src/framework/uiManager.ts as cce:/internal/x/cc.
debug: Resolve ./resourceUtil from file:///D:/cocos_work/SimulateCity/assets/src/framework/uiManager.ts as file:///D:/cocos_work/SimulateCity/assets/src/framework/resourceUtil.ts.
debug: Resolve ./poolManager from file:///D:/cocos_work/SimulateCity/assets/src/framework/uiManager.ts as file:///D:/cocos_work/SimulateCity/assets/src/framework/poolManager.ts.
debug: Resolve ./tips from file:///D:/cocos_work/SimulateCity/assets/src/framework/uiManager.ts as file:///D:/cocos_work/SimulateCity/assets/src/framework/tips.ts.
debug: Resolve file:///D:/cocos_work/SimulateCity/assets/src/framework/util.ts from cce:/internal/x/prerequisite-imports as file:///D:/cocos_work/SimulateCity/assets/src/framework/util.ts.
debug: Resolve file:///D:/cocos_work/SimulateCity/assets/src/msg/MsgEvent.ts from cce:/internal/x/prerequisite-imports as file:///D:/cocos_work/SimulateCity/assets/src/msg/MsgEvent.ts.
debug: Resolve file:///D:/cocos_work/SimulateCity/assets/src/msg/msg.ts from cce:/internal/x/prerequisite-imports as file:///D:/cocos_work/SimulateCity/assets/src/msg/msg.ts.
debug: Resolve file:///D:/cocos_work/SimulateCity/assets/src/operate/BuildingOperateLogic.ts from cce:/internal/x/prerequisite-imports as file:///D:/cocos_work/SimulateCity/assets/src/operate/BuildingOperateLogic.ts.
debug: Resolve file:///D:/cocos_work/SimulateCity/assets/src/operate/IOperateHardwareHandler.ts from cce:/internal/x/prerequisite-imports as file:///D:/cocos_work/SimulateCity/assets/src/operate/IOperateHardwareHandler.ts.
debug: Resolve cc from file:///D:/cocos_work/SimulateCity/assets/src/operate/IOperateHardwareHandler.ts as cce:/internal/x/cc.
debug: Resolve cc from file:///D:/cocos_work/SimulateCity/assets/src/operate/IOperateHardwareHandler.ts as cce:/internal/x/cc.
debug: Resolve file:///D:/cocos_work/SimulateCity/assets/src/operate/IOperateLogic.ts from cce:/internal/x/prerequisite-imports as file:///D:/cocos_work/SimulateCity/assets/src/operate/IOperateLogic.ts.
debug: Resolve cc from file:///D:/cocos_work/SimulateCity/assets/src/operate/IOperateLogic.ts as cce:/internal/x/cc.
debug: Resolve cc from file:///D:/cocos_work/SimulateCity/assets/src/operate/IOperateLogic.ts as cce:/internal/x/cc.
debug: Resolve file:///D:/cocos_work/SimulateCity/assets/src/operate/MapOperateLogic.ts from cce:/internal/x/prerequisite-imports as file:///D:/cocos_work/SimulateCity/assets/src/operate/MapOperateLogic.ts.
debug: Resolve file:///D:/cocos_work/SimulateCity/assets/src/res.ts from cce:/internal/x/prerequisite-imports as file:///D:/cocos_work/SimulateCity/assets/src/res.ts.
debug: Resolve cce:/internal/code-quality/cr.mjs from file:///D:/cocos_work/SimulateCity/assets/src/res.ts as cce:/internal/code-quality/cr.mjs.
debug: Resolve cc from file:///D:/cocos_work/SimulateCity/assets/src/res.ts as cce:/internal/x/cc.
debug: Resolve cc from file:///D:/cocos_work/SimulateCity/assets/src/res.ts as cce:/internal/x/cc.
debug: Resolve cc from file:///D:/cocos_work/SimulateCity/assets/src/res.ts as cce:/internal/x/cc.
debug: Resolve ./msg/msg from file:///D:/cocos_work/SimulateCity/assets/src/res.ts as file:///D:/cocos_work/SimulateCity/assets/src/msg/msg.ts.
debug: Target(editor) ends with cost 782.4983000000939ms.
debug: Target(preview) build started.
debug: Detected change: cce:/internal/x/cc. Last mtime: Thu Jan 01 1970 08:00:11 GMT+0800 (中国标准时间), Current mtime: Thu Jan 01 1970 08:00:11 GMT+0800 (中国标准时间)
debug: Inspect cce:/internal/x/cc
debug: Resolve cce:/internal/x/cc-fu/2d from cce:/internal/x/cc as external dependency cce:/internal/x/cc-fu/2d.
debug: Resolve cce:/internal/x/cc-fu/sorting from cce:/internal/x/cc as external dependency cce:/internal/x/cc-fu/sorting.
debug: Resolve cce:/internal/x/cc-fu/3d from cce:/internal/x/cc as external dependency cce:/internal/x/cc-fu/3d.
debug: Resolve cce:/internal/x/cc-fu/animation from cce:/internal/x/cc as external dependency cce:/internal/x/cc-fu/animation.
debug: Resolve cce:/internal/x/cc-fu/audio from cce:/internal/x/cc as external dependency cce:/internal/x/cc-fu/audio.
debug: Resolve cce:/internal/x/cc-fu/base from cce:/internal/x/cc as external dependency cce:/internal/x/cc-fu/base.
debug: Resolve cce:/internal/x/cc-fu/dragon-bones from cce:/internal/x/cc as external dependency cce:/internal/x/cc-fu/dragon-bones.
debug: Resolve cce:/internal/x/cc-fu/gfx-webgl from cce:/internal/x/cc as external dependency cce:/internal/x/cc-fu/gfx-webgl.
debug: Resolve cce:/internal/x/cc-fu/gfx-webgl2 from cce:/internal/x/cc as external dependency cce:/internal/x/cc-fu/gfx-webgl2.
debug: Resolve cce:/internal/x/cc-fu/intersection-2d from cce:/internal/x/cc as external dependency cce:/internal/x/cc-fu/intersection-2d.
debug: Resolve cce:/internal/x/cc-fu/light-probe from cce:/internal/x/cc as external dependency cce:/internal/x/cc-fu/light-probe.
debug: Resolve cce:/internal/x/cc-fu/particle from cce:/internal/x/cc as external dependency cce:/internal/x/cc-fu/particle.
debug: Resolve cce:/internal/x/cc-fu/particle-2d from cce:/internal/x/cc as external dependency cce:/internal/x/cc-fu/particle-2d.
debug: Resolve cce:/internal/x/cc-fu/physics-2d-box2d from cce:/internal/x/cc as external dependency cce:/internal/x/cc-fu/physics-2d-box2d.
debug: Resolve cce:/internal/x/cc-fu/physics-2d-framework from cce:/internal/x/cc as external dependency cce:/internal/x/cc-fu/physics-2d-framework.
debug: Resolve cce:/internal/x/cc-fu/physics-ammo from cce:/internal/x/cc as external dependency cce:/internal/x/cc-fu/physics-ammo.
debug: Resolve cce:/internal/x/cc-fu/physics-framework from cce:/internal/x/cc as external dependency cce:/internal/x/cc-fu/physics-framework.
debug: Resolve cce:/internal/x/cc-fu/wait-for-ammo-instantiation from cce:/internal/x/cc as external dependency cce:/internal/x/cc-fu/wait-for-ammo-instantiation.
debug: Resolve cce:/internal/x/cc-fu/primitive from cce:/internal/x/cc as external dependency cce:/internal/x/cc-fu/primitive.
debug: Resolve cce:/internal/x/cc-fu/profiler from cce:/internal/x/cc as external dependency cce:/internal/x/cc-fu/profiler.
debug: Resolve cce:/internal/x/cc-fu/skeletal-animation from cce:/internal/x/cc as external dependency cce:/internal/x/cc-fu/skeletal-animation.
debug: Resolve cce:/internal/x/cc-fu/spine from cce:/internal/x/cc as external dependency cce:/internal/x/cc-fu/spine.
debug: Resolve cce:/internal/x/cc-fu/terrain from cce:/internal/x/cc as external dependency cce:/internal/x/cc-fu/terrain.
debug: Resolve cce:/internal/x/cc-fu/tiled-map from cce:/internal/x/cc as external dependency cce:/internal/x/cc-fu/tiled-map.
debug: Resolve cce:/internal/x/cc-fu/tween from cce:/internal/x/cc as external dependency cce:/internal/x/cc-fu/tween.
debug: Resolve cce:/internal/x/cc-fu/ui from cce:/internal/x/cc as external dependency cce:/internal/x/cc-fu/ui.
debug: Resolve cce:/internal/x/cc-fu/video from cce:/internal/x/cc as external dependency cce:/internal/x/cc-fu/video.
debug: Resolve cce:/internal/x/cc-fu/webview from cce:/internal/x/cc as external dependency cce:/internal/x/cc-fu/webview.
debug: Detected change: cce:/internal/x/prerequisite-imports. Last mtime: Thu Jan 01 1970 08:45:55 GMT+0800 (中国标准时间), Current mtime: Thu Jan 01 1970 08:00:12 GMT+0800 (中国标准时间)
debug: Inspect cce:/internal/x/prerequisite-imports
debug: Resolve file:///D:/CocosVersion/CocosCreator-v3.7.3-win-042810/resources/resources/3d/engine/editor/assets/tools/debug-view-runtime-control.ts from cce:/internal/x/prerequisite-imports as file:///D:/CocosVersion/CocosCreator-v3.7.3-win-042810/resources/resources/3d/engine/editor/assets/tools/debug-view-runtime-control.ts.
debug: Resolve cc from file:///D:/CocosVersion/CocosCreator-v3.7.3-win-042810/resources/resources/3d/engine/editor/assets/tools/debug-view-runtime-control.ts as cce:/internal/x/cc.
debug: Resolve cc from file:///D:/CocosVersion/CocosCreator-v3.7.3-win-042810/resources/resources/3d/engine/editor/assets/tools/debug-view-runtime-control.ts as cce:/internal/x/cc.
debug: Resolve cc from file:///D:/CocosVersion/CocosCreator-v3.7.3-win-042810/resources/resources/3d/engine/editor/assets/tools/debug-view-runtime-control.ts as cce:/internal/x/cc.
debug: Resolve file:///D:/cocos_work/SimulateCity/assets/src/GlobalConst.ts from cce:/internal/x/prerequisite-imports as file:///D:/cocos_work/SimulateCity/assets/src/GlobalConst.ts.
debug: Resolve cc from file:///D:/cocos_work/SimulateCity/assets/src/GlobalConst.ts as cce:/internal/x/cc.
debug: Resolve cc from file:///D:/cocos_work/SimulateCity/assets/src/GlobalConst.ts as cce:/internal/x/cc.
debug: Resolve cc from file:///D:/cocos_work/SimulateCity/assets/src/GlobalConst.ts as cce:/internal/x/cc.
debug: Resolve file:///D:/cocos_work/SimulateCity/assets/src/MapMgr.ts from cce:/internal/x/prerequisite-imports as file:///D:/cocos_work/SimulateCity/assets/src/MapMgr.ts.
debug: Resolve cce:/internal/code-quality/cr.mjs from file:///D:/cocos_work/SimulateCity/assets/src/MapMgr.ts as cce:/internal/code-quality/cr.mjs.
debug: Detected change: cce:/internal/code-quality/cr.mjs. Last mtime: Wed Oct 18 2023 09:08:39 GMT+0800 (中国标准时间), Current mtime: Thu Nov 16 2023 10:54:55 GMT+0800 (中国标准时间)
debug: Inspect cce:/internal/code-quality/cr.mjs
debug: Resolve cc from file:///D:/cocos_work/SimulateCity/assets/src/MapMgr.ts as cce:/internal/x/cc.
debug: Resolve cc from file:///D:/cocos_work/SimulateCity/assets/src/MapMgr.ts as cce:/internal/x/cc.
debug: Resolve cc from file:///D:/cocos_work/SimulateCity/assets/src/MapMgr.ts as cce:/internal/x/cc.
debug: Resolve ./GlobalConst from file:///D:/cocos_work/SimulateCity/assets/src/MapMgr.ts as file:///D:/cocos_work/SimulateCity/assets/src/GlobalConst.ts.
debug: Resolve file:///D:/cocos_work/SimulateCity/assets/src/component/OperateComp.ts from cce:/internal/x/prerequisite-imports as file:///D:/cocos_work/SimulateCity/assets/src/component/OperateComp.ts.
debug: Resolve cce:/internal/code-quality/cr.mjs from file:///D:/cocos_work/SimulateCity/assets/src/component/OperateComp.ts as cce:/internal/code-quality/cr.mjs.
debug: Resolve cc from file:///D:/cocos_work/SimulateCity/assets/src/component/OperateComp.ts as cce:/internal/x/cc.
debug: Resolve cc from file:///D:/cocos_work/SimulateCity/assets/src/component/OperateComp.ts as cce:/internal/x/cc.
debug: Resolve cc from file:///D:/cocos_work/SimulateCity/assets/src/component/OperateComp.ts as cce:/internal/x/cc.
debug: Resolve ../GlobalConst from file:///D:/cocos_work/SimulateCity/assets/src/component/OperateComp.ts as file:///D:/cocos_work/SimulateCity/assets/src/GlobalConst.ts.
debug: Resolve ../msg/MsgEvent from file:///D:/cocos_work/SimulateCity/assets/src/component/OperateComp.ts as file:///D:/cocos_work/SimulateCity/assets/src/msg/MsgEvent.ts.
debug: Resolve cc from file:///D:/cocos_work/SimulateCity/assets/src/msg/MsgEvent.ts as cce:/internal/x/cc.
debug: Resolve ../msg/msg from file:///D:/cocos_work/SimulateCity/assets/src/component/OperateComp.ts as file:///D:/cocos_work/SimulateCity/assets/src/msg/msg.ts.
debug: Resolve cc from file:///D:/cocos_work/SimulateCity/assets/src/msg/msg.ts as cce:/internal/x/cc.
debug: Resolve cc from file:///D:/cocos_work/SimulateCity/assets/src/msg/msg.ts as cce:/internal/x/cc.
debug: Resolve ./mapOp/MapOperateComp from file:///D:/cocos_work/SimulateCity/assets/src/component/OperateComp.ts as file:///D:/cocos_work/SimulateCity/assets/src/component/mapOp/MapOperateComp.ts.
debug: Detected change: file:///D:/cocos_work/SimulateCity/assets/src/component/mapOp/MapOperateComp.ts. Last mtime: Wed Oct 18 2023 09:19:29 GMT+0800 (中国标准时间)@8fcd9926-9469-4d89-95f4-882f3a017535, Current mtime: Tue Oct 24 2023 10:10:38 GMT+0800 (中国标准时间)@8fcd9926-9469-4d89-95f4-882f3a017535
debug: Inspect file:///D:/cocos_work/SimulateCity/assets/src/component/mapOp/MapOperateComp.ts
debug: Resolve cce:/internal/code-quality/cr.mjs from file:///D:/cocos_work/SimulateCity/assets/src/component/mapOp/MapOperateComp.ts as cce:/internal/code-quality/cr.mjs.
debug: Resolve cc from file:///D:/cocos_work/SimulateCity/assets/src/component/mapOp/MapOperateComp.ts as cce:/internal/x/cc.
debug: Resolve cc from file:///D:/cocos_work/SimulateCity/assets/src/component/mapOp/MapOperateComp.ts as cce:/internal/x/cc.
debug: Resolve cc from file:///D:/cocos_work/SimulateCity/assets/src/component/mapOp/MapOperateComp.ts as cce:/internal/x/cc.
debug: Resolve ../../GlobalConst from file:///D:/cocos_work/SimulateCity/assets/src/component/mapOp/MapOperateComp.ts as file:///D:/cocos_work/SimulateCity/assets/src/GlobalConst.ts.
debug: Resolve ../../framework/util from file:///D:/cocos_work/SimulateCity/assets/src/component/mapOp/MapOperateComp.ts as file:///D:/cocos_work/SimulateCity/assets/src/framework/util.ts.
debug: Resolve cce:/internal/code-quality/cr.mjs from file:///D:/cocos_work/SimulateCity/assets/src/framework/util.ts as cce:/internal/code-quality/cr.mjs.
debug: Resolve cc from file:///D:/cocos_work/SimulateCity/assets/src/framework/util.ts as cce:/internal/x/cc.
debug: Resolve cc from file:///D:/cocos_work/SimulateCity/assets/src/framework/util.ts as cce:/internal/x/cc.
debug: Resolve cc from file:///D:/cocos_work/SimulateCity/assets/src/framework/util.ts as cce:/internal/x/cc.
debug: Resolve ../GlobalConst from file:///D:/cocos_work/SimulateCity/assets/src/framework/util.ts as file:///D:/cocos_work/SimulateCity/assets/src/GlobalConst.ts.
debug: Resolve ../../msg/MsgEvent from file:///D:/cocos_work/SimulateCity/assets/src/component/mapOp/MapOperateComp.ts as file:///D:/cocos_work/SimulateCity/assets/src/msg/MsgEvent.ts.
debug: Resolve ../../msg/msg from file:///D:/cocos_work/SimulateCity/assets/src/component/mapOp/MapOperateComp.ts as file:///D:/cocos_work/SimulateCity/assets/src/msg/msg.ts.
debug: Resolve ../../MapMgr from file:///D:/cocos_work/SimulateCity/assets/src/component/mapOp/MapOperateComp.ts as file:///D:/cocos_work/SimulateCity/assets/src/MapMgr.ts.
debug: Resolve ../operate/MapOperateLogic from file:///D:/cocos_work/SimulateCity/assets/src/component/OperateComp.ts as file:///D:/cocos_work/SimulateCity/assets/src/operate/MapOperateLogic.ts.
debug: Resolve cce:/internal/code-quality/cr.mjs from file:///D:/cocos_work/SimulateCity/assets/src/operate/MapOperateLogic.ts as cce:/internal/code-quality/cr.mjs.
debug: Resolve cc from file:///D:/cocos_work/SimulateCity/assets/src/operate/MapOperateLogic.ts as cce:/internal/x/cc.
debug: Resolve cc from file:///D:/cocos_work/SimulateCity/assets/src/operate/MapOperateLogic.ts as cce:/internal/x/cc.
debug: Resolve cc from file:///D:/cocos_work/SimulateCity/assets/src/operate/MapOperateLogic.ts as cce:/internal/x/cc.
debug: Resolve ../GlobalConst from file:///D:/cocos_work/SimulateCity/assets/src/operate/MapOperateLogic.ts as file:///D:/cocos_work/SimulateCity/assets/src/GlobalConst.ts.
debug: Resolve ../component/mapOp/CameraControllerComp from file:///D:/cocos_work/SimulateCity/assets/src/operate/MapOperateLogic.ts as file:///D:/cocos_work/SimulateCity/assets/src/component/mapOp/CameraControllerComp.ts.
debug: Resolve cce:/internal/code-quality/cr.mjs from file:///D:/cocos_work/SimulateCity/assets/src/component/mapOp/CameraControllerComp.ts as cce:/internal/code-quality/cr.mjs.
debug: Resolve cc from file:///D:/cocos_work/SimulateCity/assets/src/component/mapOp/CameraControllerComp.ts as cce:/internal/x/cc.
debug: Resolve cc from file:///D:/cocos_work/SimulateCity/assets/src/component/mapOp/CameraControllerComp.ts as cce:/internal/x/cc.
debug: Resolve cc from file:///D:/cocos_work/SimulateCity/assets/src/component/mapOp/CameraControllerComp.ts as cce:/internal/x/cc.
debug: Resolve ../../GlobalConst from file:///D:/cocos_work/SimulateCity/assets/src/component/mapOp/CameraControllerComp.ts as file:///D:/cocos_work/SimulateCity/assets/src/GlobalConst.ts.
debug: Resolve ../../msg/msg from file:///D:/cocos_work/SimulateCity/assets/src/component/mapOp/CameraControllerComp.ts as file:///D:/cocos_work/SimulateCity/assets/src/msg/msg.ts.
debug: Resolve ../../msg/MsgEvent from file:///D:/cocos_work/SimulateCity/assets/src/component/mapOp/CameraControllerComp.ts as file:///D:/cocos_work/SimulateCity/assets/src/msg/MsgEvent.ts.
debug: Resolve ../msg/MsgEvent from file:///D:/cocos_work/SimulateCity/assets/src/operate/MapOperateLogic.ts as file:///D:/cocos_work/SimulateCity/assets/src/msg/MsgEvent.ts.
debug: Resolve ../msg/msg from file:///D:/cocos_work/SimulateCity/assets/src/operate/MapOperateLogic.ts as file:///D:/cocos_work/SimulateCity/assets/src/msg/msg.ts.
debug: Resolve ../framework/util from file:///D:/cocos_work/SimulateCity/assets/src/operate/MapOperateLogic.ts as file:///D:/cocos_work/SimulateCity/assets/src/framework/util.ts.
debug: Resolve ../component/mapOp/MapOperateComp from file:///D:/cocos_work/SimulateCity/assets/src/operate/MapOperateLogic.ts as file:///D:/cocos_work/SimulateCity/assets/src/component/mapOp/MapOperateComp.ts.
debug: Resolve ../operate/BuildingOperateLogic from file:///D:/cocos_work/SimulateCity/assets/src/component/OperateComp.ts as file:///D:/cocos_work/SimulateCity/assets/src/operate/BuildingOperateLogic.ts.
debug: Resolve cce:/internal/code-quality/cr.mjs from file:///D:/cocos_work/SimulateCity/assets/src/operate/BuildingOperateLogic.ts as cce:/internal/code-quality/cr.mjs.
debug: Resolve cc from file:///D:/cocos_work/SimulateCity/assets/src/operate/BuildingOperateLogic.ts as cce:/internal/x/cc.
debug: Resolve cc from file:///D:/cocos_work/SimulateCity/assets/src/operate/BuildingOperateLogic.ts as cce:/internal/x/cc.
debug: Resolve cc from file:///D:/cocos_work/SimulateCity/assets/src/operate/BuildingOperateLogic.ts as cce:/internal/x/cc.
debug: Resolve ../GlobalConst from file:///D:/cocos_work/SimulateCity/assets/src/operate/BuildingOperateLogic.ts as file:///D:/cocos_work/SimulateCity/assets/src/GlobalConst.ts.
debug: Resolve ../framework/util from file:///D:/cocos_work/SimulateCity/assets/src/operate/BuildingOperateLogic.ts as file:///D:/cocos_work/SimulateCity/assets/src/framework/util.ts.
debug: Resolve ../MapMgr from file:///D:/cocos_work/SimulateCity/assets/src/operate/BuildingOperateLogic.ts as file:///D:/cocos_work/SimulateCity/assets/src/MapMgr.ts.
debug: Resolve file:///D:/cocos_work/SimulateCity/assets/src/component/building/BuildingComp.ts from cce:/internal/x/prerequisite-imports as file:///D:/cocos_work/SimulateCity/assets/src/component/building/BuildingComp.ts.
debug: Resolve cce:/internal/code-quality/cr.mjs from file:///D:/cocos_work/SimulateCity/assets/src/component/building/BuildingComp.ts as cce:/internal/code-quality/cr.mjs.
debug: Resolve cc from file:///D:/cocos_work/SimulateCity/assets/src/component/building/BuildingComp.ts as cce:/internal/x/cc.
debug: Resolve cc from file:///D:/cocos_work/SimulateCity/assets/src/component/building/BuildingComp.ts as cce:/internal/x/cc.
debug: Resolve cc from file:///D:/cocos_work/SimulateCity/assets/src/component/building/BuildingComp.ts as cce:/internal/x/cc.
debug: Resolve file:///D:/cocos_work/SimulateCity/assets/src/component/mapOp/CameraControllerComp.ts from cce:/internal/x/prerequisite-imports as file:///D:/cocos_work/SimulateCity/assets/src/component/mapOp/CameraControllerComp.ts.
debug: Resolve file:///D:/cocos_work/SimulateCity/assets/src/component/mapOp/FreeCamera.ts from cce:/internal/x/prerequisite-imports as file:///D:/cocos_work/SimulateCity/assets/src/component/mapOp/FreeCamera.ts.
debug: Resolve cce:/internal/code-quality/cr.mjs from file:///D:/cocos_work/SimulateCity/assets/src/component/mapOp/FreeCamera.ts as cce:/internal/code-quality/cr.mjs.
debug: Resolve cc from file:///D:/cocos_work/SimulateCity/assets/src/component/mapOp/FreeCamera.ts as cce:/internal/x/cc.
debug: Resolve cc from file:///D:/cocos_work/SimulateCity/assets/src/component/mapOp/FreeCamera.ts as cce:/internal/x/cc.
debug: Resolve cc from file:///D:/cocos_work/SimulateCity/assets/src/component/mapOp/FreeCamera.ts as cce:/internal/x/cc.
debug: Resolve ../../GlobalConst from file:///D:/cocos_work/SimulateCity/assets/src/component/mapOp/FreeCamera.ts as file:///D:/cocos_work/SimulateCity/assets/src/GlobalConst.ts.
debug: Resolve file:///D:/cocos_work/SimulateCity/assets/src/component/mapOp/MapOperateComp.ts from cce:/internal/x/prerequisite-imports as file:///D:/cocos_work/SimulateCity/assets/src/component/mapOp/MapOperateComp.ts.
debug: Resolve file:///D:/cocos_work/SimulateCity/assets/src/component/mapOp/TestScreenInputComp.ts from cce:/internal/x/prerequisite-imports as file:///D:/cocos_work/SimulateCity/assets/src/component/mapOp/TestScreenInputComp.ts.
debug: Resolve cc from file:///D:/cocos_work/SimulateCity/assets/src/component/mapOp/TestScreenInputComp.ts as cce:/internal/x/cc.
debug: Resolve cc from file:///D:/cocos_work/SimulateCity/assets/src/component/mapOp/TestScreenInputComp.ts as cce:/internal/x/cc.
debug: Resolve cc from file:///D:/cocos_work/SimulateCity/assets/src/component/mapOp/TestScreenInputComp.ts as cce:/internal/x/cc.
debug: Resolve file:///D:/cocos_work/SimulateCity/assets/src/data/BuildingData.ts from cce:/internal/x/prerequisite-imports as file:///D:/cocos_work/SimulateCity/assets/src/data/BuildingData.ts.
debug: Resolve cce:/internal/code-quality/cr.mjs from file:///D:/cocos_work/SimulateCity/assets/src/data/BuildingData.ts as cce:/internal/code-quality/cr.mjs.
debug: Resolve cc from file:///D:/cocos_work/SimulateCity/assets/src/data/BuildingData.ts as cce:/internal/x/cc.
debug: Resolve file:///D:/cocos_work/SimulateCity/assets/src/data/EnumIndex.ts from cce:/internal/x/prerequisite-imports as file:///D:/cocos_work/SimulateCity/assets/src/data/EnumIndex.ts.
debug: Resolve cc from file:///D:/cocos_work/SimulateCity/assets/src/data/EnumIndex.ts as cce:/internal/x/cc.
debug: Resolve file:///D:/cocos_work/SimulateCity/assets/src/framework/Handler.ts from cce:/internal/x/prerequisite-imports as file:///D:/cocos_work/SimulateCity/assets/src/framework/Handler.ts.
debug: Resolve cc from file:///D:/cocos_work/SimulateCity/assets/src/framework/Handler.ts as cce:/internal/x/cc.
debug: Resolve file:///D:/cocos_work/SimulateCity/assets/src/framework/Log.ts from cce:/internal/x/prerequisite-imports as file:///D:/cocos_work/SimulateCity/assets/src/framework/Log.ts.
debug: Resolve cc from file:///D:/cocos_work/SimulateCity/assets/src/framework/Log.ts as cce:/internal/x/cc.
debug: Resolve file:///D:/cocos_work/SimulateCity/assets/src/framework/csv2json.ts from cce:/internal/x/prerequisite-imports as file:///D:/cocos_work/SimulateCity/assets/src/framework/csv2json.ts.
debug: Resolve cc from file:///D:/cocos_work/SimulateCity/assets/src/framework/csv2json.ts as cce:/internal/x/cc.
debug: Resolve file:///D:/cocos_work/SimulateCity/assets/src/framework/csvManager.ts from cce:/internal/x/prerequisite-imports as file:///D:/cocos_work/SimulateCity/assets/src/framework/csvManager.ts.
debug: Resolve cc from file:///D:/cocos_work/SimulateCity/assets/src/framework/csvManager.ts as cce:/internal/x/cc.
debug: Resolve cc from file:///D:/cocos_work/SimulateCity/assets/src/framework/csvManager.ts as cce:/internal/x/cc.
debug: Resolve cc from file:///D:/cocos_work/SimulateCity/assets/src/framework/csvManager.ts as cce:/internal/x/cc.
debug: Resolve file:///D:/cocos_work/SimulateCity/assets/src/framework/localConfig.ts from cce:/internal/x/prerequisite-imports as file:///D:/cocos_work/SimulateCity/assets/src/framework/localConfig.ts.
debug: Resolve cce:/internal/code-quality/cr.mjs from file:///D:/cocos_work/SimulateCity/assets/src/framework/localConfig.ts as cce:/internal/code-quality/cr.mjs.
debug: Resolve cc from file:///D:/cocos_work/SimulateCity/assets/src/framework/localConfig.ts as cce:/internal/x/cc.
debug: Resolve cc from file:///D:/cocos_work/SimulateCity/assets/src/framework/localConfig.ts as cce:/internal/x/cc.
debug: Resolve cc from file:///D:/cocos_work/SimulateCity/assets/src/framework/localConfig.ts as cce:/internal/x/cc.
debug: Resolve ./csvManager from file:///D:/cocos_work/SimulateCity/assets/src/framework/localConfig.ts as file:///D:/cocos_work/SimulateCity/assets/src/framework/csvManager.ts.
debug: Resolve ./resourceUtil from file:///D:/cocos_work/SimulateCity/assets/src/framework/localConfig.ts as file:///D:/cocos_work/SimulateCity/assets/src/framework/resourceUtil.ts.
debug: Resolve cc from file:///D:/cocos_work/SimulateCity/assets/src/framework/resourceUtil.ts as cce:/internal/x/cc.
debug: Resolve cc from file:///D:/cocos_work/SimulateCity/assets/src/framework/resourceUtil.ts as cce:/internal/x/cc.
debug: Resolve cc from file:///D:/cocos_work/SimulateCity/assets/src/framework/resourceUtil.ts as cce:/internal/x/cc.
debug: Resolve file:///D:/cocos_work/SimulateCity/assets/src/framework/poolManager.ts from cce:/internal/x/prerequisite-imports as file:///D:/cocos_work/SimulateCity/assets/src/framework/poolManager.ts.
debug: Resolve cc from file:///D:/cocos_work/SimulateCity/assets/src/framework/poolManager.ts as cce:/internal/x/cc.
debug: Resolve cc from file:///D:/cocos_work/SimulateCity/assets/src/framework/poolManager.ts as cce:/internal/x/cc.
debug: Resolve cc from file:///D:/cocos_work/SimulateCity/assets/src/framework/poolManager.ts as cce:/internal/x/cc.
debug: Resolve file:///D:/cocos_work/SimulateCity/assets/src/framework/resourceUtil.ts from cce:/internal/x/prerequisite-imports as file:///D:/cocos_work/SimulateCity/assets/src/framework/resourceUtil.ts.
debug: Resolve file:///D:/cocos_work/SimulateCity/assets/src/framework/storageManager.ts from cce:/internal/x/prerequisite-imports as file:///D:/cocos_work/SimulateCity/assets/src/framework/storageManager.ts.
debug: Resolve cce:/internal/code-quality/cr.mjs from file:///D:/cocos_work/SimulateCity/assets/src/framework/storageManager.ts as cce:/internal/code-quality/cr.mjs.
debug: Resolve cc from file:///D:/cocos_work/SimulateCity/assets/src/framework/storageManager.ts as cce:/internal/x/cc.
debug: Resolve cc from file:///D:/cocos_work/SimulateCity/assets/src/framework/storageManager.ts as cce:/internal/x/cc.
debug: Resolve cc from file:///D:/cocos_work/SimulateCity/assets/src/framework/storageManager.ts as cce:/internal/x/cc.
debug: Resolve ./util from file:///D:/cocos_work/SimulateCity/assets/src/framework/storageManager.ts as file:///D:/cocos_work/SimulateCity/assets/src/framework/util.ts.
debug: Resolve ./Log from file:///D:/cocos_work/SimulateCity/assets/src/framework/storageManager.ts as file:///D:/cocos_work/SimulateCity/assets/src/framework/Log.ts.
debug: Resolve file:///D:/cocos_work/SimulateCity/assets/src/framework/tips.ts from cce:/internal/x/prerequisite-imports as file:///D:/cocos_work/SimulateCity/assets/src/framework/tips.ts.
debug: Resolve cce:/internal/code-quality/cr.mjs from file:///D:/cocos_work/SimulateCity/assets/src/framework/tips.ts as cce:/internal/code-quality/cr.mjs.
debug: Resolve cc from file:///D:/cocos_work/SimulateCity/assets/src/framework/tips.ts as cce:/internal/x/cc.
debug: Resolve cc from file:///D:/cocos_work/SimulateCity/assets/src/framework/tips.ts as cce:/internal/x/cc.
debug: Resolve cc from file:///D:/cocos_work/SimulateCity/assets/src/framework/tips.ts as cce:/internal/x/cc.
debug: Resolve ./poolManager from file:///D:/cocos_work/SimulateCity/assets/src/framework/tips.ts as file:///D:/cocos_work/SimulateCity/assets/src/framework/poolManager.ts.
debug: Resolve file:///D:/cocos_work/SimulateCity/assets/src/framework/uiManager.ts from cce:/internal/x/prerequisite-imports as file:///D:/cocos_work/SimulateCity/assets/src/framework/uiManager.ts.
debug: Resolve cce:/internal/code-quality/cr.mjs from file:///D:/cocos_work/SimulateCity/assets/src/framework/uiManager.ts as cce:/internal/code-quality/cr.mjs.
debug: Resolve cc from file:///D:/cocos_work/SimulateCity/assets/src/framework/uiManager.ts as cce:/internal/x/cc.
debug: Resolve cc from file:///D:/cocos_work/SimulateCity/assets/src/framework/uiManager.ts as cce:/internal/x/cc.
debug: Resolve cc from file:///D:/cocos_work/SimulateCity/assets/src/framework/uiManager.ts as cce:/internal/x/cc.
debug: Resolve ./resourceUtil from file:///D:/cocos_work/SimulateCity/assets/src/framework/uiManager.ts as file:///D:/cocos_work/SimulateCity/assets/src/framework/resourceUtil.ts.
debug: Resolve ./poolManager from file:///D:/cocos_work/SimulateCity/assets/src/framework/uiManager.ts as file:///D:/cocos_work/SimulateCity/assets/src/framework/poolManager.ts.
debug: Resolve ./tips from file:///D:/cocos_work/SimulateCity/assets/src/framework/uiManager.ts as file:///D:/cocos_work/SimulateCity/assets/src/framework/tips.ts.
debug: Resolve file:///D:/cocos_work/SimulateCity/assets/src/framework/util.ts from cce:/internal/x/prerequisite-imports as file:///D:/cocos_work/SimulateCity/assets/src/framework/util.ts.
debug: Resolve file:///D:/cocos_work/SimulateCity/assets/src/msg/MsgEvent.ts from cce:/internal/x/prerequisite-imports as file:///D:/cocos_work/SimulateCity/assets/src/msg/MsgEvent.ts.
debug: Resolve file:///D:/cocos_work/SimulateCity/assets/src/msg/msg.ts from cce:/internal/x/prerequisite-imports as file:///D:/cocos_work/SimulateCity/assets/src/msg/msg.ts.
debug: Resolve file:///D:/cocos_work/SimulateCity/assets/src/operate/BuildingOperateLogic.ts from cce:/internal/x/prerequisite-imports as file:///D:/cocos_work/SimulateCity/assets/src/operate/BuildingOperateLogic.ts.
debug: Resolve file:///D:/cocos_work/SimulateCity/assets/src/operate/IOperateHardwareHandler.ts from cce:/internal/x/prerequisite-imports as file:///D:/cocos_work/SimulateCity/assets/src/operate/IOperateHardwareHandler.ts.
debug: Resolve cc from file:///D:/cocos_work/SimulateCity/assets/src/operate/IOperateHardwareHandler.ts as cce:/internal/x/cc.
debug: Resolve cc from file:///D:/cocos_work/SimulateCity/assets/src/operate/IOperateHardwareHandler.ts as cce:/internal/x/cc.
debug: Resolve file:///D:/cocos_work/SimulateCity/assets/src/operate/IOperateLogic.ts from cce:/internal/x/prerequisite-imports as file:///D:/cocos_work/SimulateCity/assets/src/operate/IOperateLogic.ts.
debug: Resolve cc from file:///D:/cocos_work/SimulateCity/assets/src/operate/IOperateLogic.ts as cce:/internal/x/cc.
debug: Resolve cc from file:///D:/cocos_work/SimulateCity/assets/src/operate/IOperateLogic.ts as cce:/internal/x/cc.
debug: Resolve file:///D:/cocos_work/SimulateCity/assets/src/operate/MapOperateLogic.ts from cce:/internal/x/prerequisite-imports as file:///D:/cocos_work/SimulateCity/assets/src/operate/MapOperateLogic.ts.
debug: Resolve file:///D:/cocos_work/SimulateCity/assets/src/res.ts from cce:/internal/x/prerequisite-imports as file:///D:/cocos_work/SimulateCity/assets/src/res.ts.
debug: Resolve cce:/internal/code-quality/cr.mjs from file:///D:/cocos_work/SimulateCity/assets/src/res.ts as cce:/internal/code-quality/cr.mjs.
debug: Resolve cc from file:///D:/cocos_work/SimulateCity/assets/src/res.ts as cce:/internal/x/cc.
debug: Resolve cc from file:///D:/cocos_work/SimulateCity/assets/src/res.ts as cce:/internal/x/cc.
debug: Resolve cc from file:///D:/cocos_work/SimulateCity/assets/src/res.ts as cce:/internal/x/cc.
debug: Resolve ./msg/msg from file:///D:/cocos_work/SimulateCity/assets/src/res.ts as file:///D:/cocos_work/SimulateCity/assets/src/msg/msg.ts.
debug: Target(preview) ends with cost 486.39919999986887ms.
debug: Pulling asset-db.
debug: Fetch asset-db cost: 2911.568300000392ms.
debug: Build iteration starts.
Number of accumulated asset changes: 29
Feature changed: false
debug: Target(editor) build started.
debug: Detected change: cce:/internal/x/prerequisite-imports. Last mtime: Thu Jan 01 1970 08:00:12 GMT+0800 (中国标准时间), Current mtime: Thu Jan 01 1970 08:00:19 GMT+0800 (中国标准时间)
debug: Inspect cce:/internal/x/prerequisite-imports
debug: Resolve file:///D:/CocosVersion/CocosCreator-v3.7.3-win-042810/resources/resources/3d/engine/editor/assets/tools/debug-view-runtime-control.ts from cce:/internal/x/prerequisite-imports as file:///D:/CocosVersion/CocosCreator-v3.7.3-win-042810/resources/resources/3d/engine/editor/assets/tools/debug-view-runtime-control.ts.
debug: Resolve file:///D:/cocos_work/SimulateCity/assets/src/GlobalConst.ts from cce:/internal/x/prerequisite-imports as file:///D:/cocos_work/SimulateCity/assets/src/GlobalConst.ts.
debug: Resolve file:///D:/cocos_work/SimulateCity/assets/src/MapMgr.ts from cce:/internal/x/prerequisite-imports as file:///D:/cocos_work/SimulateCity/assets/src/MapMgr.ts.
debug: Resolve file:///D:/cocos_work/SimulateCity/assets/src/component/OperateComp.ts from cce:/internal/x/prerequisite-imports as file:///D:/cocos_work/SimulateCity/assets/src/component/OperateComp.ts.
debug: Resolve file:///D:/cocos_work/SimulateCity/assets/src/component/building/BuildingComp.ts from cce:/internal/x/prerequisite-imports as file:///D:/cocos_work/SimulateCity/assets/src/component/building/BuildingComp.ts.
debug: Resolve file:///D:/cocos_work/SimulateCity/assets/src/component/mapOp/CameraControllerComp.ts from cce:/internal/x/prerequisite-imports as file:///D:/cocos_work/SimulateCity/assets/src/component/mapOp/CameraControllerComp.ts.
debug: Resolve file:///D:/cocos_work/SimulateCity/assets/src/component/mapOp/FreeCamera.ts from cce:/internal/x/prerequisite-imports as file:///D:/cocos_work/SimulateCity/assets/src/component/mapOp/FreeCamera.ts.
debug: Resolve file:///D:/cocos_work/SimulateCity/assets/src/component/mapOp/MapOperateComp.ts from cce:/internal/x/prerequisite-imports as file:///D:/cocos_work/SimulateCity/assets/src/component/mapOp/MapOperateComp.ts.
debug: Resolve file:///D:/cocos_work/SimulateCity/assets/src/component/mapOp/TestScreenInputComp.ts from cce:/internal/x/prerequisite-imports as file:///D:/cocos_work/SimulateCity/assets/src/component/mapOp/TestScreenInputComp.ts.
debug: Resolve file:///D:/cocos_work/SimulateCity/assets/src/data/BuildingData.ts from cce:/internal/x/prerequisite-imports as file:///D:/cocos_work/SimulateCity/assets/src/data/BuildingData.ts.
debug: Resolve file:///D:/cocos_work/SimulateCity/assets/src/data/EnumIndex.ts from cce:/internal/x/prerequisite-imports as file:///D:/cocos_work/SimulateCity/assets/src/data/EnumIndex.ts.
debug: Resolve file:///D:/cocos_work/SimulateCity/assets/src/framework/Handler.ts from cce:/internal/x/prerequisite-imports as file:///D:/cocos_work/SimulateCity/assets/src/framework/Handler.ts.
debug: Resolve file:///D:/cocos_work/SimulateCity/assets/src/framework/Log.ts from cce:/internal/x/prerequisite-imports as file:///D:/cocos_work/SimulateCity/assets/src/framework/Log.ts.
debug: Resolve file:///D:/cocos_work/SimulateCity/assets/src/framework/csv2json.ts from cce:/internal/x/prerequisite-imports as file:///D:/cocos_work/SimulateCity/assets/src/framework/csv2json.ts.
debug: Resolve file:///D:/cocos_work/SimulateCity/assets/src/framework/csvManager.ts from cce:/internal/x/prerequisite-imports as file:///D:/cocos_work/SimulateCity/assets/src/framework/csvManager.ts.
debug: Resolve file:///D:/cocos_work/SimulateCity/assets/src/framework/localConfig.ts from cce:/internal/x/prerequisite-imports as file:///D:/cocos_work/SimulateCity/assets/src/framework/localConfig.ts.
debug: Resolve file:///D:/cocos_work/SimulateCity/assets/src/framework/poolManager.ts from cce:/internal/x/prerequisite-imports as file:///D:/cocos_work/SimulateCity/assets/src/framework/poolManager.ts.
debug: Resolve file:///D:/cocos_work/SimulateCity/assets/src/framework/resourceUtil.ts from cce:/internal/x/prerequisite-imports as file:///D:/cocos_work/SimulateCity/assets/src/framework/resourceUtil.ts.
debug: Resolve file:///D:/cocos_work/SimulateCity/assets/src/framework/storageManager.ts from cce:/internal/x/prerequisite-imports as file:///D:/cocos_work/SimulateCity/assets/src/framework/storageManager.ts.
debug: Resolve file:///D:/cocos_work/SimulateCity/assets/src/framework/tips.ts from cce:/internal/x/prerequisite-imports as file:///D:/cocos_work/SimulateCity/assets/src/framework/tips.ts.
debug: Resolve file:///D:/cocos_work/SimulateCity/assets/src/framework/uiManager.ts from cce:/internal/x/prerequisite-imports as file:///D:/cocos_work/SimulateCity/assets/src/framework/uiManager.ts.
debug: Resolve file:///D:/cocos_work/SimulateCity/assets/src/framework/util.ts from cce:/internal/x/prerequisite-imports as file:///D:/cocos_work/SimulateCity/assets/src/framework/util.ts.
debug: Resolve file:///D:/cocos_work/SimulateCity/assets/src/msg/MsgEvent.ts from cce:/internal/x/prerequisite-imports as file:///D:/cocos_work/SimulateCity/assets/src/msg/MsgEvent.ts.
debug: Resolve file:///D:/cocos_work/SimulateCity/assets/src/msg/msg.ts from cce:/internal/x/prerequisite-imports as file:///D:/cocos_work/SimulateCity/assets/src/msg/msg.ts.
debug: Resolve file:///D:/cocos_work/SimulateCity/assets/src/operate/BuildingOperateLogic.ts from cce:/internal/x/prerequisite-imports as file:///D:/cocos_work/SimulateCity/assets/src/operate/BuildingOperateLogic.ts.
debug: Resolve file:///D:/cocos_work/SimulateCity/assets/src/operate/IOperateHardwareHandler.ts from cce:/internal/x/prerequisite-imports as file:///D:/cocos_work/SimulateCity/assets/src/operate/IOperateHardwareHandler.ts.
debug: Resolve file:///D:/cocos_work/SimulateCity/assets/src/operate/IOperateLogic.ts from cce:/internal/x/prerequisite-imports as file:///D:/cocos_work/SimulateCity/assets/src/operate/IOperateLogic.ts.
debug: Resolve file:///D:/cocos_work/SimulateCity/assets/src/operate/MapOperateLogic.ts from cce:/internal/x/prerequisite-imports as file:///D:/cocos_work/SimulateCity/assets/src/operate/MapOperateLogic.ts.
debug: Resolve file:///D:/cocos_work/SimulateCity/assets/src/res.ts from cce:/internal/x/prerequisite-imports as file:///D:/cocos_work/SimulateCity/assets/src/res.ts.
debug: Target(editor) ends with cost 93.53089999966323ms.
debug: Target(preview) build started.
debug: Detected change: cce:/internal/x/prerequisite-imports. Last mtime: Thu Jan 01 1970 08:00:12 GMT+0800 (中国标准时间), Current mtime: Thu Jan 01 1970 08:00:19 GMT+0800 (中国标准时间)
debug: Inspect cce:/internal/x/prerequisite-imports
debug: Resolve file:///D:/CocosVersion/CocosCreator-v3.7.3-win-042810/resources/resources/3d/engine/editor/assets/tools/debug-view-runtime-control.ts from cce:/internal/x/prerequisite-imports as file:///D:/CocosVersion/CocosCreator-v3.7.3-win-042810/resources/resources/3d/engine/editor/assets/tools/debug-view-runtime-control.ts.
debug: Resolve file:///D:/cocos_work/SimulateCity/assets/src/GlobalConst.ts from cce:/internal/x/prerequisite-imports as file:///D:/cocos_work/SimulateCity/assets/src/GlobalConst.ts.
debug: Resolve file:///D:/cocos_work/SimulateCity/assets/src/MapMgr.ts from cce:/internal/x/prerequisite-imports as file:///D:/cocos_work/SimulateCity/assets/src/MapMgr.ts.
debug: Resolve file:///D:/cocos_work/SimulateCity/assets/src/component/OperateComp.ts from cce:/internal/x/prerequisite-imports as file:///D:/cocos_work/SimulateCity/assets/src/component/OperateComp.ts.
debug: Resolve file:///D:/cocos_work/SimulateCity/assets/src/component/building/BuildingComp.ts from cce:/internal/x/prerequisite-imports as file:///D:/cocos_work/SimulateCity/assets/src/component/building/BuildingComp.ts.
debug: Resolve file:///D:/cocos_work/SimulateCity/assets/src/component/mapOp/CameraControllerComp.ts from cce:/internal/x/prerequisite-imports as file:///D:/cocos_work/SimulateCity/assets/src/component/mapOp/CameraControllerComp.ts.
debug: Resolve file:///D:/cocos_work/SimulateCity/assets/src/component/mapOp/FreeCamera.ts from cce:/internal/x/prerequisite-imports as file:///D:/cocos_work/SimulateCity/assets/src/component/mapOp/FreeCamera.ts.
debug: Resolve file:///D:/cocos_work/SimulateCity/assets/src/component/mapOp/MapOperateComp.ts from cce:/internal/x/prerequisite-imports as file:///D:/cocos_work/SimulateCity/assets/src/component/mapOp/MapOperateComp.ts.
debug: Resolve file:///D:/cocos_work/SimulateCity/assets/src/component/mapOp/TestScreenInputComp.ts from cce:/internal/x/prerequisite-imports as file:///D:/cocos_work/SimulateCity/assets/src/component/mapOp/TestScreenInputComp.ts.
debug: Resolve file:///D:/cocos_work/SimulateCity/assets/src/data/BuildingData.ts from cce:/internal/x/prerequisite-imports as file:///D:/cocos_work/SimulateCity/assets/src/data/BuildingData.ts.
debug: Resolve file:///D:/cocos_work/SimulateCity/assets/src/data/EnumIndex.ts from cce:/internal/x/prerequisite-imports as file:///D:/cocos_work/SimulateCity/assets/src/data/EnumIndex.ts.
debug: Resolve file:///D:/cocos_work/SimulateCity/assets/src/framework/Handler.ts from cce:/internal/x/prerequisite-imports as file:///D:/cocos_work/SimulateCity/assets/src/framework/Handler.ts.
debug: Resolve file:///D:/cocos_work/SimulateCity/assets/src/framework/Log.ts from cce:/internal/x/prerequisite-imports as file:///D:/cocos_work/SimulateCity/assets/src/framework/Log.ts.
debug: Resolve file:///D:/cocos_work/SimulateCity/assets/src/framework/csv2json.ts from cce:/internal/x/prerequisite-imports as file:///D:/cocos_work/SimulateCity/assets/src/framework/csv2json.ts.
debug: Resolve file:///D:/cocos_work/SimulateCity/assets/src/framework/csvManager.ts from cce:/internal/x/prerequisite-imports as file:///D:/cocos_work/SimulateCity/assets/src/framework/csvManager.ts.
debug: Resolve file:///D:/cocos_work/SimulateCity/assets/src/framework/localConfig.ts from cce:/internal/x/prerequisite-imports as file:///D:/cocos_work/SimulateCity/assets/src/framework/localConfig.ts.
debug: Resolve file:///D:/cocos_work/SimulateCity/assets/src/framework/poolManager.ts from cce:/internal/x/prerequisite-imports as file:///D:/cocos_work/SimulateCity/assets/src/framework/poolManager.ts.
debug: Resolve file:///D:/cocos_work/SimulateCity/assets/src/framework/resourceUtil.ts from cce:/internal/x/prerequisite-imports as file:///D:/cocos_work/SimulateCity/assets/src/framework/resourceUtil.ts.
debug: Resolve file:///D:/cocos_work/SimulateCity/assets/src/framework/storageManager.ts from cce:/internal/x/prerequisite-imports as file:///D:/cocos_work/SimulateCity/assets/src/framework/storageManager.ts.
debug: Resolve file:///D:/cocos_work/SimulateCity/assets/src/framework/tips.ts from cce:/internal/x/prerequisite-imports as file:///D:/cocos_work/SimulateCity/assets/src/framework/tips.ts.
debug: Resolve file:///D:/cocos_work/SimulateCity/assets/src/framework/uiManager.ts from cce:/internal/x/prerequisite-imports as file:///D:/cocos_work/SimulateCity/assets/src/framework/uiManager.ts.
debug: Resolve file:///D:/cocos_work/SimulateCity/assets/src/framework/util.ts from cce:/internal/x/prerequisite-imports as file:///D:/cocos_work/SimulateCity/assets/src/framework/util.ts.
debug: Resolve file:///D:/cocos_work/SimulateCity/assets/src/msg/MsgEvent.ts from cce:/internal/x/prerequisite-imports as file:///D:/cocos_work/SimulateCity/assets/src/msg/MsgEvent.ts.
debug: Resolve file:///D:/cocos_work/SimulateCity/assets/src/msg/msg.ts from cce:/internal/x/prerequisite-imports as file:///D:/cocos_work/SimulateCity/assets/src/msg/msg.ts.
debug: Resolve file:///D:/cocos_work/SimulateCity/assets/src/operate/BuildingOperateLogic.ts from cce:/internal/x/prerequisite-imports as file:///D:/cocos_work/SimulateCity/assets/src/operate/BuildingOperateLogic.ts.
debug: Resolve file:///D:/cocos_work/SimulateCity/assets/src/operate/IOperateHardwareHandler.ts from cce:/internal/x/prerequisite-imports as file:///D:/cocos_work/SimulateCity/assets/src/operate/IOperateHardwareHandler.ts.
debug: Resolve file:///D:/cocos_work/SimulateCity/assets/src/operate/IOperateLogic.ts from cce:/internal/x/prerequisite-imports as file:///D:/cocos_work/SimulateCity/assets/src/operate/IOperateLogic.ts.
debug: Resolve file:///D:/cocos_work/SimulateCity/assets/src/operate/MapOperateLogic.ts from cce:/internal/x/prerequisite-imports as file:///D:/cocos_work/SimulateCity/assets/src/operate/MapOperateLogic.ts.
debug: Resolve file:///D:/cocos_work/SimulateCity/assets/src/res.ts from cce:/internal/x/prerequisite-imports as file:///D:/cocos_work/SimulateCity/assets/src/res.ts.
debug: Target(preview) ends with cost 81.14030000008643ms.
